1550420589986:quiz start
1550431462905:start quiz
1550431485992:quiz start
1550432578664:surname Орлов
1550435282081:quiz start
1550435289821:surname Орлов
1550435318222:name Иван
1550437775154:quiz start
1550437782132:surname Орлов
1550437789225:name Иван
1550437817902:anser w
1550438019296:quiz start
1550438025426:surname Орлов
1550438032504:name Иван
1550438051837:anser 1
1550438156676:quiz start
1550438162902:surname Орлов
1550438169244:name Иван
1550438175911:anser 1
1550438997636:quiz start
1550439003575:surname Орлов
1550439010497:name Иван
1550439038146:anser 1
1550439168852:quiz start
1550439176006:surname Орлов
1550439182819:name Иван
1550439896604:quiz start
1550439903111:surname Орлов
1550439910492:name Иван
1550439918150:anser 1
1550439999297:quiz start
1550440004300:surname Орлов
1550440011373:name Иван
1550440026762:anser 1
1550440268843:quiz start
1550440273725:surname Орлов
1550440280281:name Иван
1550440301898:anser 4
1550440328297:anser 3
1550440331721:anser 1
1550440611733:quiz start
1550440620855:surname Орлов
1550440626007:name Иван
1550440635591:anser 4
1550440643350:anser 3
1550440645415:anser 1
1550440654039:anser 2
1550440701104:anser 1
1550440768909:name Иван
1550440961525:quiz start
1550440967461:surname Орлов
1550440974852:name Иван
1550440983326:anser 1
1550440992916:anser 4
1550441001348:anser 2
1550441005876:anser 1
1550441022257:name Иван
1550441079300:anser 4
1550441237528:name Иван
1550441243105:anser 1
1550441272274:anser 4
1550441317970:anser 3
1550441342690:anser 6
1550441361473:anser 1
1550441367138:anser 2
1550441409588:name Иван
1550441418582:anser 4
1550441422833:anser 3
1550441433138:anser 1
1550441442497:anser 2
1550441517889:anser 1
1550441694148:name Иван
